*** Starting uWSGI 2.0.17 (64bit) on [Mon Apr 16 22:34:53 2018] ***
compiled with version: 4.8.5 20150623 (Red Hat 4.8.5-16) on 16 April 2018 13:31:31
os: Linux-4.9.87-linuxkit-aufs #1 SMP Wed Mar 14 15:12:16 UTC 2018
nodename: 025be4a9f30b
machine: x86_64
clock source: unix
pcre jit disabled
detected number of CPU cores: 2
current working directory: /var/www/html/app
writing pidfile to uwsgi.pid
detected binary path: /usr/local/bin/uwsgi
uWSGI running as root, you can use --uid/--gid/--chroot options
*** WARNING: you are running uWSGI as root !!! (use the --uid flag) *** 
your memory page size is 4096 bytes
detected max file descriptor number: 1048576
lock engine: pthread robust mutexes
thunder lock: disabled (you can enable it with --thunder-lock)
uwsgi socket 0 bound to TCP address localhost:8080 fd 3
uWSGI running as root, you can use --uid/--gid/--chroot options
*** WARNING: you are running uWSGI as root !!! (use the --uid flag) *** 
Python version: 3.6.5 (default, Apr 16 2018, 13:28:55)  [GCC 4.8.5 20150623 (Red Hat 4.8.5-16)]
*** Python threads support is disabled. You can enable it with --enable-threads ***
Python main interpreter initialized at 0x27c2060
uWSGI running as root, you can use --uid/--gid/--chroot options
*** WARNING: you are running uWSGI as root !!! (use the --uid flag) *** 
your server socket listen backlog is limited to 100 connections
your mercy for graceful operations on workers is 60 seconds
mapped 145840 bytes (142 KB) for 1 cores
*** Operational MODE: single process ***
WSGI app 0 (mountpoint='') ready in 0 seconds on interpreter 0x27c2060 pid: 7 (default app)
uWSGI running as root, you can use --uid/--gid/--chroot options
*** WARNING: you are running uWSGI as root !!! (use the --uid flag) *** 
*** uWSGI is running in multiple interpreter mode ***
spawned uWSGI master process (pid: 7)
spawned uWSGI worker 1 (pid: 8, cores: 1)
*** Stats server enabled on localhost:8181 fd: 9 ***
[pid: 8|app: 0|req: 1/1] 172.18.0.1 () {42 vars in 740 bytes} [Mon Apr 16 22:53:03 2018] GET / => generated 11 bytes in 1 msecs (HTTP/1.1 200) 1 headers in 44 bytes (1 switches on core 0)
*** Starting uWSGI 2.0.17 (64bit) on [Mon Apr 16 23:44:39 2018] ***
compiled with version: 4.8.5 20150623 (Red Hat 4.8.5-16) on 16 April 2018 14:00:12
os: Linux-4.9.87-linuxkit-aufs #1 SMP Wed Mar 14 15:12:16 UTC 2018
nodename: 32b065bad025
machine: x86_64
clock source: unix
pcre jit disabled
detected number of CPU cores: 2
current working directory: /var/www/html/app
writing pidfile to uwsgi.pid
detected binary path: /usr/local/bin/uwsgi
uWSGI running as root, you can use --uid/--gid/--chroot options
*** WARNING: you are running uWSGI as root !!! (use the --uid flag) *** 
your memory page size is 4096 bytes
detected max file descriptor number: 1048576
lock engine: pthread robust mutexes
thunder lock: disabled (you can enable it with --thunder-lock)
uwsgi socket 0 bound to TCP address localhost:8080 fd 3
uWSGI running as root, you can use --uid/--gid/--chroot options
*** WARNING: you are running uWSGI as root !!! (use the --uid flag) *** 
Python version: 3.6.5 (default, Apr 16 2018, 13:57:24)  [GCC 4.8.5 20150623 (Red Hat 4.8.5-16)]
*** Python threads support is disabled. You can enable it with --enable-threads ***
Python main interpreter initialized at 0x26c2060
uWSGI running as root, you can use --uid/--gid/--chroot options
*** WARNING: you are running uWSGI as root !!! (use the --uid flag) *** 
your server socket listen backlog is limited to 100 connections
your mercy for graceful operations on workers is 60 seconds
mapped 145840 bytes (142 KB) for 1 cores
*** Operational MODE: single process ***
WSGI app 0 (mountpoint='') ready in 0 seconds on interpreter 0x26c2060 pid: 9 (default app)
uWSGI running as root, you can use --uid/--gid/--chroot options
*** WARNING: you are running uWSGI as root !!! (use the --uid flag) *** 
*** uWSGI is running in multiple interpreter mode ***
spawned uWSGI master process (pid: 9)
spawned uWSGI worker 1 (pid: 10, cores: 1)
*** Stats server enabled on localhost:8181 fd: 9 ***
[pid: 10|app: 0|req: 1/1] 172.18.0.1 () {42 vars in 740 bytes} [Mon Apr 16 23:45:51 2018] GET / => generated 11 bytes in 0 msecs (HTTP/1.1 200) 1 headers in 44 bytes (1 switches on core 0)
